{
  "stats": {
    "suites": 21,
    "tests": 31,
    "passes": 21,
    "pending": 10,
    "failures": 0,
    "start": "2026-08-20T12:43:03.415Z",
    "end": "2026-08-20T12:43:06.951Z",
    "duration": 3536,
    "testsRegistered": 31,
    "passPercent": 100,
    "pendingPercent": 32.25806451612903,
    "other": 0,
    "hasOther": false,
    "skipped": 0,
    "hasSkipped": false
  },
  "results": [
    {
      "uuid": "ae542b3f-26aa-41a6-8ec7-66bec5bf522a",
      "title": "",
      "fullFile": "D:\\Course Learn\\Digital Skola\\QA\\sesi6\\tests\\homework\\main.test.js",
      "file": "\\tests\\homework\\main.test.js",
      "beforeHooks": [],
      "afterHooks": [],
      "tests": [],
      "suites": [
        {
          "uuid": "2fa1c3a9-0681-47ad-a83c-2a9bbf1afb34",
          "title": "Global Setup & Wakeup",
          "fullFile": "D:\\Course Learn\\Digital Skola\\QA\\sesi6\\tests\\homework\\main.test.js",
          "file": "\\tests\\homework\\main.test.js",
          "beforeHooks": [
            {
              "title": "\"before all\" hook in \"Global Setup & Wakeup\"",
              "fullTitle": "Global Setup & Wakeup \"before all\" hook in \"Global Setup & Wakeup\"",
              "timedOut": false,
              "duration": 526,
              "state": null,
              "speed": null,
              "pass": false,
              "fail": false,
              "pending": false,
              "context": null,
              "code": "this._BaseURL = \"https://belajar-bareng.onrender.com\"\nthis.MAX_ALLOWED_REQUESTS = 5;\nthis.api = new BelajarBarengAPI(this._BaseURL);\nthis.ajv = new Ajv({ allErrors: true });\nthis.token = null;\ntry {\n    await fetch(this._BaseURL);\n} catch (error) {\n    throw new Error(\"Failed to wake up the server. Please check the server status.\");\n}",
              "err": {},
              "uuid": "7dcbf4b2-f9ed-4f7d-840a-732977f262db",
              "parentUUID": "2fa1c3a9-0681-47ad-a83c-2a9bbf1afb34",
              "isHook": true,
              "skipped": false
            }
          ],
          "afterHooks": [],
          "tests": [],
          "suites": [
            {
              "uuid": "9c567bf6-1cfc-462f-956d-e6384e7cb304",
              "title": "POST /api/login",
              "fullFile": "D:\\Course Learn\\Digital Skola\\QA\\sesi6\\tests\\homework\\main.test.js",
              "file": "\\tests\\homework\\main.test.js",
              "beforeHooks": [
                {
                  "title": "\"before all\" hook in \"POST /api/login\"",
                  "fullTitle": "Global Setup & Wakeup POST /api/login \"before all\" hook in \"POST /api/login\"",
                  "timedOut": false,
                  "duration": 619,
                  "state": null,
                  "speed": null,
                  "pass": false,
                  "fail": false,
                  "pending": false,
                  "context": null,
                  "code": "const [validResponse, invalidResponse, missingFieldsResponse, sqlInjectionResponse, xssAttackResponse] = await Promise.all([\n    this.api.login(loginData.validBody),\n    this.api.login(loginData.invalidBody),\n    this.api.login(loginData.missingFieldsBody),\n    this.api.login(loginData.sqlInjectionBody),\n    this.api.login(loginData.xssAttackBody)\n]);\nthis.response = validResponse;\nthis.invalidResponse = invalidResponse;\nthis.missingFieldsResponse = missingFieldsResponse;\nthis.sqlInjectionResponse = sqlInjectionResponse;\nthis.xssAttackResponse = xssAttackResponse;",
                  "err": {},
                  "uuid": "842ab029-4bd8-4229-b534-80cb156d5d2b",
                  "parentUUID": "9c567bf6-1cfc-462f-956d-e6384e7cb304",
                  "isHook": true,
                  "skipped": false
                }
              ],
              "afterHooks": [],
              "tests": [],
              "suites": [
                {
                  "uuid": "cc214c89-1119-40f3-aa81-5fbe7fa1d12e",
                  "title": "Verify user can successfully login with valid credentials",
                  "fullFile": "D:\\Course Learn\\Digital Skola\\QA\\sesi6\\tests\\homework\\main.test.js",
                  "file": "\\tests\\homework\\main.test.js",
                  "beforeHooks": [],
                  "afterHooks": [],
                  "tests": [
                    {
                      "title": "should validate response against schema",
                      "fullTitle": "Global Setup & Wakeup POST /api/login Verify user can successfully login with valid credentials should validate response against schema",
                      "timedOut": false,
                      "duration": 37,
                      "state": "passed",
                      "speed": "fast",
                      "pass": true,
                      "fail": false,
                      "pending": false,
                      "context": null,
                      "code": "const validate = this.ajv.compile(loginSchema);\nconst isValid = validate(this.response.data);\nconst errorMessage = validate.errors ? JSON.stringify(validate.errors, null, 2) : null;\nexpect(isValid, errorMessage).to.be.true;",
                      "err": {},
                      "uuid": "455e439d-7b33-4c30-a14d-0af5796fb244",
                      "parentUUID": "cc214c89-1119-40f3-aa81-5fbe7fa1d12e",
                      "isHook": false,
                      "skipped": false
                    },
                    {
                      "title": "should return valid body response",
                      "fullTitle": "Global Setup & Wakeup POST /api/login Verify user can successfully login with valid credentials should return valid body response",
                      "timedOut": false,
                      "duration": 0,
                      "state": "passed",
                      "speed": "fast",
                      "pass": true,
                      "fail": false,
                      "pending": false,
                      "context": null,
                      "code": "assert.strictEqual(this.response.status, 200);\nassert.ok(this.response.data.token !== undefined && this.response.data.token !== null);\nassert.strictEqual(this.response.data.message, \"Login successful\");\n// Simpan Token\nthis.token = this.response.data.token;",
                      "err": {},
                      "uuid": "540a8789-53bc-45a0-a7b3-ec6492b1b734",
                      "parentUUID": "cc214c89-1119-40f3-aa81-5fbe7fa1d12e",
                      "isHook": false,
                      "skipped": false
                    }
                  ],
                  "suites": [],
                  "passes": [
                    "455e439d-7b33-4c30-a14d-0af5796fb244",
                    "540a8789-53bc-45a0-a7b3-ec6492b1b734"
                  ],
                  "failures": [],
                  "pending": [],
                  "skipped": [],
                  "duration": 37,
                  "root": false,
                  "rootEmpty": false,
                  "_timeout": 2000
                },
                {
                  "uuid": "3aecfc23-0154-4225-8864-ca1c5634b60c",
                  "title": "Verify API Response Headers Policy",
                  "fullFile": "D:\\Course Learn\\Digital Skola\\QA\\sesi6\\tests\\homework\\main.test.js",
                  "file": "\\tests\\homework\\main.test.js",
                  "beforeHooks": [],
                  "afterHooks": [],
                  "tests": [
                    {
                      "title": "should return correct Content-Type as application/json",
                      "fullTitle": "Global Setup & Wakeup POST /api/login Verify API Response Headers Policy should return correct Content-Type as application/json",
                      "timedOut": false,
                      "duration": 0,
                      "state": "pending",
                      "speed": null,
                      "pass": false,
                      "fail": false,
                      "pending": true,
                      "context": null,
                      "code": "",
                      "err": {},
                      "uuid": "536793c9-f13b-4a95-957e-d49f01259052",
                      "parentUUID": "3aecfc23-0154-4225-8864-ca1c5634b60c",
                      "isHook": false,
                      "skipped": false
                    },
                    {
                      "title": "should not expose server technology (X-Powered-By is hidden)",
                      "fullTitle": "Global Setup & Wakeup POST /api/login Verify API Response Headers Policy should not expose server technology (X-Powered-By is hidden)",
                      "timedOut": false,
                      "duration": 0,
                      "state": "pending",
                      "speed": null,
                      "pass": false,
                      "fail": false,
                      "pending": true,
                      "context": null,
                      "code": "",
                      "err": {},
                      "uuid": "e73c768c-5580-480b-90fb-73df0c0c1c55",
                      "parentUUID": "3aecfc23-0154-4225-8864-ca1c5634b60c",
                      "isHook": false,
                      "skipped": false
                    },
                    {
                      "title": "should not expose cloud hosting infrastructure (X-Render-Origin-Server is hidden)",
                      "fullTitle": "Global Setup & Wakeup POST /api/login Verify API Response Headers Policy should not expose cloud hosting infrastructure (X-Render-Origin-Server is hidden)",
                      "timedOut": false,
                      "duration": 0,
                      "state": "pending",
                      "speed": null,
                      "pass": false,
                      "fail": false,
                      "pending": true,
                      "context": null,
                      "code": "",
                      "err": {},
                      "uuid": "441e192e-7919-40a8-be1e-b2126d16fccc",
                      "parentUUID": "3aecfc23-0154-4225-8864-ca1c5634b60c",
                      "isHook": false,
                      "skipped": false
                    },
                    {
                      "title": "should restrict Access-Control-Allow-Origin from wildcard (*)",
                      "fullTitle": "Global Setup & Wakeup POST /api/login Verify API Response Headers Policy should restrict Access-Control-Allow-Origin from wildcard (*)",
                      "timedOut": false,
                      "duration": 0,
                      "state": "pending",
                      "speed": null,
                      "pass": false,
                      "fail": false,
                      "pending": true,
                      "context": null,
                      "code": "",
                      "err": {},
                      "uuid": "b1ffc058-93e3-4286-b3c6-6ec36802b14a",
                      "parentUUID": "3aecfc23-0154-4225-8864-ca1c5634b60c",
                      "isHook": false,
                      "skipped": false
                    },
                    {
                      "title": "should include X-Content-Type-Options header set to nosniff",
                      "fullTitle": "Global Setup & Wakeup POST /api/login Verify API Response Headers Policy should include X-Content-Type-Options header set to nosniff",
                      "timedOut": false,
                      "duration": 0,
                      "state": "pending",
                      "speed": null,
                      "pass": false,
                      "fail": false,
                      "pending": true,
                      "context": null,
                      "code": "",
                      "err": {},
                      "uuid": "477281a0-09a2-41ec-8030-28c6866d7347",
                      "parentUUID": "3aecfc23-0154-4225-8864-ca1c5634b60c",
                      "isHook": false,
                      "skipped": false
                    }
                  ],
                  "suites": [],
                  "passes": [],
                  "failures": [],
                  "pending": [
                    "536793c9-f13b-4a95-957e-d49f01259052",
                    "e73c768c-5580-480b-90fb-73df0c0c1c55",
                    "441e192e-7919-40a8-be1e-b2126d16fccc",
                    "b1ffc058-93e3-4286-b3c6-6ec36802b14a",
                    "477281a0-09a2-41ec-8030-28c6866d7347"
                  ],
                  "skipped": [],
                  "duration": 0,
                  "root": false,
                  "rootEmpty": false,
                  "_timeout": 2000
                },
                {
                  "uuid": "b1d98b25-4832-4410-a9ef-e4ef7faa01de",
                  "title": "Verify system rejects login with invalid credentials",
                  "fullFile": "D:\\Course Learn\\Digital Skola\\QA\\sesi6\\tests\\homework\\main.test.js",
                  "file": "\\tests\\homework\\main.test.js",
                  "beforeHooks": [],
                  "afterHooks": [],
                  "tests": [
                    {
                      "title": "should validate invalid response against schema",
                      "fullTitle": "Global Setup & Wakeup POST /api/login Verify system rejects login with invalid credentials should validate invalid response against schema",
                      "timedOut": false,
                      "duration": 1,
                      "state": "passed",
                      "speed": "fast",
                      "pass": true,
                      "fail": false,
                      "pending": false,
                      "context": null,
                      "code": "const validate = this.ajv.compile(invalidLoginSchema);\nconst isValid = validate(this.invalidResponse.data);\nconst errorMessage = validate.errors ? JSON.stringify(validate.errors, null, 2) : null;\nexpect(isValid, errorMessage).to.be.true;",
                      "err": {},
                      "uuid": "f92632a9-bf5b-41cd-a48a-d7599f048343",
                      "parentUUID": "b1d98b25-4832-4410-a9ef-e4ef7faa01de",
                      "isHook": false,
                      "skipped": false
                    },
                    {
                      "title": "should return error for invalid credentials",
                      "fullTitle": "Global Setup & Wakeup POST /api/login Verify system rejects login with invalid credentials should return error for invalid credentials",
                      "timedOut": false,
                      "duration": 0,
                      "state": "passed",
                      "speed": "fast",
                      "pass": true,
                      "fail": false,
                      "pending": false,
                      "context": null,
                      "code": "assert.strictEqual(this.invalidResponse.status, 401);\nassert.strictEqual(this.invalidResponse.data.message, \"Invalid username or password!\");",
                      "err": {},
                      "uuid": "7bb45912-b93a-4fea-9619-61e91e57b577",
                      "parentUUID": "b1d98b25-4832-4410-a9ef-e4ef7faa01de",
                      "isHook": false,
                      "skipped": false
                    }
                  ],
                  "suites": [],
                  "passes": [
                    "f92632a9-bf5b-41cd-a48a-d7599f048343",
                    "7bb45912-b93a-4fea-9619-61e91e57b577"
                  ],
                  "failures": [],
                  "pending": [],
                  "skipped": [],
                  "duration": 1,
                  "root": false,
                  "rootEmpty": false,
                  "_timeout": 2000
                },
                {
                  "uuid": "e8363151-5093-4db0-adc1-b9888d5f2d8c",
                  "title": "Verify system enforces rate limiting after multiple consecutive login attempts",
                  "fullFile": "D:\\Course Learn\\Digital Skola\\QA\\sesi6\\tests\\homework\\main.test.js",
                  "file": "\\tests\\homework\\main.test.js",
                  "beforeHooks": [],
                  "afterHooks": [],
                  "tests": [
                    {
                      "title": "should return status code 429 Too Many Requests",
                      "fullTitle": "Global Setup & Wakeup POST /api/login Verify system enforces rate limiting after multiple consecutive login attempts should return status code 429 Too Many Requests",
                      "timedOut": false,
                      "duration": 0,
                      "state": "pending",
                      "speed": null,
                      "pass": false,
                      "fail": false,
                      "pending": true,
                      "context": null,
                      "code": "",
                      "err": {},
                      "uuid": "897b0550-1583-40fc-87d8-7366ca6fedb0",
                      "parentUUID": "e8363151-5093-4db0-adc1-b9888d5f2d8c",
                      "isHook": false,
                      "skipped": false
                    },
                    {
                      "title": "should return rate limit error message",
                      "fullTitle": "Global Setup & Wakeup POST /api/login Verify system enforces rate limiting after multiple consecutive login attempts should return rate limit error message",
                      "timedOut": false,
                      "duration": 0,
                      "state": "pending",
                      "speed": null,
                      "pass": false,
                      "fail": false,
                      "pending": true,
                      "context": null,
                      "code": "",
                      "err": {},
                      "uuid": "b36feb47-1c82-43d4-870f-5f6b5b9782fa",
                      "parentUUID": "e8363151-5093-4db0-adc1-b9888d5f2d8c",
                      "isHook": false,
                      "skipped": false
                    }
                  ],
                  "suites": [],
                  "passes": [],
                  "failures": [],
                  "pending": [
                    "897b0550-1583-40fc-87d8-7366ca6fedb0",
                    "b36feb47-1c82-43d4-870f-5f6b5b9782fa"
                  ],
                  "skipped": [],
                  "duration": 0,
                  "root": false,
                  "rootEmpty": false,
                  "_timeout": 5000
                },
                {
                  "uuid": "69ab9916-1722-426b-aec6-6dc94879e4d5",
                  "title": "Verify system prevents SQL injection vulnerabilities on login endpoint",
                  "fullFile": "D:\\Course Learn\\Digital Skola\\QA\\sesi6\\tests\\homework\\main.test.js",
                  "file": "\\tests\\homework\\main.test.js",
                  "beforeHooks": [],
                  "afterHooks": [],
                  "tests": [
                    {
                      "title": "should validate SQL injection response against invalid login schema",
                      "fullTitle": "Global Setup & Wakeup POST /api/login Verify system prevents SQL injection vulnerabilities on login endpoint should validate SQL injection response against invalid login schema",
                      "timedOut": false,
                      "duration": 0,
                      "state": "passed",
                      "speed": "fast",
                      "pass": true,
                      "fail": false,
                      "pending": false,
                      "context": null,
                      "code": "const validate = this.ajv.compile(invalidLoginSchema);\nconst isValid = validate(this.sqlInjectionResponse.data);\nconst errorMessage = validate.errors ? JSON.stringify(validate.errors, null, 2) : null;\nexpect(isValid, errorMessage).to.be.true;",
                      "err": {},
                      "uuid": "0d925734-f75f-441b-aa44-529b91aacd56",
                      "parentUUID": "69ab9916-1722-426b-aec6-6dc94879e4d5",
                      "isHook": false,
                      "skipped": false
                    },
                    {
                      "title": "should return 401 error, not 500 or 200, confirming injection is safely blocked",
                      "fullTitle": "Global Setup & Wakeup POST /api/login Verify system prevents SQL injection vulnerabilities on login endpoint should return 401 error, not 500 or 200, confirming injection is safely blocked",
                      "timedOut": false,
                      "duration": 0,
                      "state": "passed",
                      "speed": "fast",
                      "pass": true,
                      "fail": false,
                      "pending": false,
                      "context": null,
                      "code": "assert.strictEqual(this.sqlInjectionResponse.status, 401, \"Expected 401, but got a different status. System might be vulnerable!\");\nassert.strictEqual(this.sqlInjectionResponse.data.message, \"Invalid username or password!\");",
                      "err": {},
                      "uuid": "dbf449e1-5b67-4e7e-a071-711493f7e83b",
                      "parentUUID": "69ab9916-1722-426b-aec6-6dc94879e4d5",
                      "isHook": false,
                      "skipped": false
                    }
                  ],
                  "suites": [],
                  "passes": [
                    "0d925734-f75f-441b-aa44-529b91aacd56",
                    "dbf449e1-5b67-4e7e-a071-711493f7e83b"
                  ],
                  "failures": [],
                  "pending": [],
                  "skipped": [],
                  "duration": 0,
                  "root": false,
                  "rootEmpty": false,
                  "_timeout": 2000
                },
                {
                  "uuid": "4351f264-438c-4bb4-aac6-19f16027fd83",
                  "title": "Verify system sanitizes input against Cross-Site Scripting (XSS) payloads",
                  "fullFile": "D:\\Course Learn\\Digital Skola\\QA\\sesi6\\tests\\homework\\main.test.js",
                  "file": "\\tests\\homework\\main.test.js",
                  "beforeHooks": [],
                  "afterHooks": [],
                  "tests": [
                    {
                      "title": "should validate XSS response against invalid login schema",
                      "fullTitle": "Global Setup & Wakeup POST /api/login Verify system sanitizes input against Cross-Site Scripting (XSS) payloads should validate XSS response against invalid login schema",
                      "timedOut": false,
                      "duration": 0,
                      "state": "passed",
                      "speed": "fast",
                      "pass": true,
                      "fail": false,
                      "pending": false,
                      "context": null,
                      "code": "const validate = this.ajv.compile(invalidLoginSchema);\nconst isValid = validate(this.xssAttackResponse.data);\nconst errorMessage = validate.errors ? JSON.stringify(validate.errors, null, 2) : null;\nexpect(isValid, errorMessage).to.be.true;",
                      "err": {},
                      "uuid": "afd3af31-d2b9-42e5-ab13-c374b97d0c88",
                      "parentUUID": "4351f264-438c-4bb4-aac6-19f16027fd83",
                      "isHook": false,
                      "skipped": false
                    },
                    {
                      "title": "should reject XSS payload with 401 status and not reflect script in response",
                      "fullTitle": "Global Setup & Wakeup POST /api/login Verify system sanitizes input against Cross-Site Scripting (XSS) payloads should reject XSS payload with 401 status and not reflect script in response",
                      "timedOut": false,
                      "duration": 1,
                      "state": "passed",
                      "speed": "fast",
                      "pass": true,
                      "fail": false,
                      "pending": false,
                      "context": null,
                      "code": "assert.strictEqual(this.xssAttackResponse.status, 401, \"Expected 401, but system did not reject properly!\");\nconst responseBodyString = JSON.stringify(this.xssAttackResponse.data);\nexpect(responseBodyString).to.not.include(\"<script>\", \"Security Risk: XSS payload reflected in response body!\");",
                      "err": {},
                      "uuid": "964973c1-8bd1-44b7-aa9f-89137b4e78e7",
                      "parentUUID": "4351f264-438c-4bb4-aac6-19f16027fd83",
                      "isHook": false,
                      "skipped": false
                    }
                  ],
                  "suites": [],
                  "passes": [
                    "afd3af31-d2b9-42e5-ab13-c374b97d0c88",
                    "964973c1-8bd1-44b7-aa9f-89137b4e78e7"
                  ],
                  "failures": [],
                  "pending": [],
                  "skipped": [],
                  "duration": 1,
                  "root": false,
                  "rootEmpty": false,
                  "_timeout": 2000
                },
                {
                  "uuid": "63d945b1-282b-4162-86f7-30bfce318ad0",
                  "title": "Verify system handles missing required fields during login",
                  "fullFile": "D:\\Course Learn\\Digital Skola\\QA\\sesi6\\tests\\homework\\main.test.js",
                  "file": "\\tests\\homework\\main.test.js",
                  "beforeHooks": [],
                  "afterHooks": [],
                  "tests": [
                    {
                      "title": "should validate missing fields response against schema",
                      "fullTitle": "Global Setup & Wakeup POST /api/login Verify system handles missing required fields during login should validate missing fields response against schema",
                      "timedOut": false,
                      "duration": 0,
                      "state": "passed",
                      "speed": "fast",
                      "pass": true,
                      "fail": false,
                      "pending": false,
                      "context": null,
                      "code": "const validate = this.ajv.compile(invalidLoginSchema);\nconst isValid = validate(this.missingFieldsResponse.data);\nconst errorMessage = validate.errors ? JSON.stringify(validate.errors, null, 2) : null;\nexpect(isValid, errorMessage).to.be.true;",
                      "err": {},
                      "uuid": "adb14161-85a2-4d77-8e84-63f43314db9a",
                      "parentUUID": "63d945b1-282b-4162-86f7-30bfce318ad0",
                      "isHook": false,
                      "skipped": false
                    },
                    {
                      "title": "should return error for missing fields",
                      "fullTitle": "Global Setup & Wakeup POST /api/login Verify system handles missing required fields during login should return error for missing fields",
                      "timedOut": false,
                      "duration": 0,
                      "state": "passed",
                      "speed": "fast",
                      "pass": true,
                      "fail": false,
                      "pending": false,
                      "context": null,
                      "code": "assert.strictEqual(this.missingFieldsResponse.status, 400);\nassert.strictEqual(this.missingFieldsResponse.data.message, \"Username or password is required\");",
                      "err": {},
                      "uuid": "b32d7a0a-deec-4a0b-a102-e67d9062de13",
                      "parentUUID": "63d945b1-282b-4162-86f7-30bfce318ad0",
                      "isHook": false,
                      "skipped": false
                    }
                  ],
                  "suites": [],
                  "passes": [
                    "adb14161-85a2-4d77-8e84-63f43314db9a",
                    "b32d7a0a-deec-4a0b-a102-e67d9062de13"
                  ],
                  "failures": [],
                  "pending": [],
                  "skipped": [],
                  "duration": 0,
                  "root": false,
                  "rootEmpty": false,
                  "_timeout": 2000
                }
              ],
              "passes": [],
              "failures": [],
              "pending": [],
              "skipped": [],
              "duration": 0,
              "root": false,
              "rootEmpty": false,
              "_timeout": 2000
            },
            {
              "uuid": "cbf88fe7-ff74-4500-9266-9bf3a130a785",
              "title": "GET /api/users",
              "fullFile": "D:\\Course Learn\\Digital Skola\\QA\\sesi6\\tests\\homework\\main.test.js",
              "file": "\\tests\\homework\\main.test.js",
              "beforeHooks": [
                {
                  "title": "\"before all\" hook in \"GET /api/users\"",
                  "fullTitle": "Global Setup & Wakeup GET /api/users \"before all\" hook in \"GET /api/users\"",
                  "timedOut": false,
                  "duration": 1665,
                  "state": null,
                  "speed": null,
                  "pass": false,
                  "fail": false,
                  "pending": false,
                  "context": null,
                  "code": "const loginResponse = await this.api.login(loginData.validBody);\nthis.userToken = loginResponse.data.token;\nconst [getUserResponse, getUndefinedTokenUserResponse, getInvalidTokenUserResponse, getExpiredTokenUserResponse] = await Promise.all([\n    this.api.getUser(this.userToken),\n    this.api.getUser(),\n    this.api.getUser(\"invalidToken123\"),\n    this.api.getUser(loginData.expiredToken)\n]);\nthis.response = getUserResponse;\nthis.undefined = getUndefinedTokenUserResponse;\nthis.invalid = getInvalidTokenUserResponse;\nthis.expired = getExpiredTokenUserResponse;",
                  "err": {},
                  "uuid": "53cf399a-5b38-465d-b615-485a5628fb4c",
                  "parentUUID": "cbf88fe7-ff74-4500-9266-9bf3a130a785",
                  "isHook": true,
                  "skipped": false
                }
              ],
              "afterHooks": [],
              "tests": [],
              "suites": [
                {
                  "uuid": "33a5282d-cb88-4361-851c-a863edf2baac",
                  "title": "Verify user can retrieve user list/information with a valid token",
                  "fullFile": "D:\\Course Learn\\Digital Skola\\QA\\sesi6\\tests\\homework\\main.test.js",
                  "file": "\\tests\\homework\\main.test.js",
                  "beforeHooks": [],
                  "afterHooks": [],
                  "tests": [
                    {
                      "title": "should validate response against schema",
                      "fullTitle": "Global Setup & Wakeup GET /api/users Verify user can retrieve user list/information with a valid token should validate response against schema",
                      "timedOut": false,
                      "duration": 4,
                      "state": "passed",
                      "speed": "fast",
                      "pass": true,
                      "fail": false,
                      "pending": false,
                      "context": null,
                      "code": "const validate = this.ajv.compile(getUserSchema);\nconst isValid = validate(this.response.data);\nconst errorMessage = validate.errors ? JSON.stringify(validate.errors, null, 2) : null;\nexpect(isValid, errorMessage).to.be.true;",
                      "err": {},
                      "uuid": "62d92444-b965-4065-93a4-02d27984bde8",
                      "parentUUID": "33a5282d-cb88-4361-851c-a863edf2baac",
                      "isHook": false,
                      "skipped": false
                    },
                    {
                      "title": "should return valid body response",
                      "fullTitle": "Global Setup & Wakeup GET /api/users Verify user can retrieve user list/information with a valid token should return valid body response",
                      "timedOut": false,
                      "duration": 1,
                      "state": "passed",
                      "speed": "fast",
                      "pass": true,
                      "fail": false,
                      "pending": false,
                      "context": null,
                      "code": "assert.strictEqual(this.response.status, 200);\nusersData.validData.forEach((user) => {\n    const foundUser = this.response.data.users.find(u => u.userId === user.userId);\n    assert.ok(foundUser, `User with userId ${user.userId} not found in response`);\n    expect(foundUser).to.deep.equal(user);\n});",
                      "err": {},
                      "uuid": "1a252f1f-5c7a-4006-bd70-bb70a85f3f7a",
                      "parentUUID": "33a5282d-cb88-4361-851c-a863edf2baac",
                      "isHook": false,
                      "skipped": false
                    }
                  ],
                  "suites": [],
                  "passes": [
                    "62d92444-b965-4065-93a4-02d27984bde8",
                    "1a252f1f-5c7a-4006-bd70-bb70a85f3f7a"
                  ],
                  "failures": [],
                  "pending": [],
                  "skipped": [],
                  "duration": 5,
                  "root": false,
                  "rootEmpty": false,
                  "_timeout": 2000
                },
                {
                  "uuid": "4e09f6c2-ddc5-4880-8f7e-03ffd694e147",
                  "title": "Verify system rejects user list retrieval when authorization token is missing",
                  "fullFile": "D:\\Course Learn\\Digital Skola\\QA\\sesi6\\tests\\homework\\main.test.js",
                  "file": "\\tests\\homework\\main.test.js",
                  "beforeHooks": [],
                  "afterHooks": [],
                  "tests": [
                    {
                      "title": "should validate response against schema",
                      "fullTitle": "Global Setup & Wakeup GET /api/users Verify system rejects user list retrieval when authorization token is missing should validate response against schema",
                      "timedOut": false,
                      "duration": 1,
                      "state": "passed",
                      "speed": "fast",
                      "pass": true,
                      "fail": false,
                      "pending": false,
                      "context": null,
                      "code": "const validate = this.ajv.compile(invalidTokenSchema);\nconst isValid = validate(this.undefined.data);\nconst errorMessage = validate.errors ? JSON.stringify(validate.errors, null, 2) : null;\nexpect(isValid, errorMessage).to.be.true;",
                      "err": {},
                      "uuid": "3807293d-ab8b-4f2a-bea6-0e133e3cdd84",
                      "parentUUID": "4e09f6c2-ddc5-4880-8f7e-03ffd694e147",
                      "isHook": false,
                      "skipped": false
                    },
                    {
                      "title": "should return valid body response",
                      "fullTitle": "Global Setup & Wakeup GET /api/users Verify system rejects user list retrieval when authorization token is missing should return valid body response",
                      "timedOut": false,
                      "duration": 0,
                      "state": "passed",
                      "speed": "fast",
                      "pass": true,
                      "fail": false,
                      "pending": false,
                      "context": null,
                      "code": "assert.strictEqual(this.undefined.status, 401);\nassert.strictEqual(this.undefined.data.message, \"Token required!\");",
                      "err": {},
                      "uuid": "2817385c-56fe-4956-b945-4a02d027e8ec",
                      "parentUUID": "4e09f6c2-ddc5-4880-8f7e-03ffd694e147",
                      "isHook": false,
                      "skipped": false
                    }
                  ],
                  "suites": [],
                  "passes": [
                    "3807293d-ab8b-4f2a-bea6-0e133e3cdd84",
                    "2817385c-56fe-4956-b945-4a02d027e8ec"
                  ],
                  "failures": [],
                  "pending": [],
                  "skipped": [],
                  "duration": 1,
                  "root": false,
                  "rootEmpty": false,
                  "_timeout": 2000
                },
                {
                  "uuid": "5dfc1b08-02a9-4f6c-aa49-62a418e75fd6",
                  "title": "Verify system rejects user list retrieval when authorization token is invalid",
                  "fullFile": "D:\\Course Learn\\Digital Skola\\QA\\sesi6\\tests\\homework\\main.test.js",
                  "file": "\\tests\\homework\\main.test.js",
                  "beforeHooks": [],
                  "afterHooks": [],
                  "tests": [
                    {
                      "title": "should validate response against schema",
                      "fullTitle": "Global Setup & Wakeup GET /api/users Verify system rejects user list retrieval when authorization token is invalid should validate response against schema",
                      "timedOut": false,
                      "duration": 1,
                      "state": "passed",
                      "speed": "fast",
                      "pass": true,
                      "fail": false,
                      "pending": false,
                      "context": null,
                      "code": "const validate = this.ajv.compile(invalidTokenSchema);\nconst isValid = validate(this.invalid.data);\nconst errorMessage = validate.errors ? JSON.stringify(validate.errors, null, 2) : null;\nexpect(isValid, errorMessage).to.be.true;",
                      "err": {},
                      "uuid": "b2eec3cc-a4f9-4c16-b232-ec401d37455e",
                      "parentUUID": "5dfc1b08-02a9-4f6c-aa49-62a418e75fd6",
                      "isHook": false,
                      "skipped": false
                    },
                    {
                      "title": "should return valid body response",
                      "fullTitle": "Global Setup & Wakeup GET /api/users Verify system rejects user list retrieval when authorization token is invalid should return valid body response",
                      "timedOut": false,
                      "duration": 0,
                      "state": "passed",
                      "speed": "fast",
                      "pass": true,
                      "fail": false,
                      "pending": false,
                      "context": null,
                      "code": "assert.strictEqual(this.invalid.status, 403);\nassert.strictEqual(this.invalid.data.message, \"Invalid or expired token, please login!\");",
                      "err": {},
                      "uuid": "5cf263f6-b332-4531-8887-739cd3677838",
                      "parentUUID": "5dfc1b08-02a9-4f6c-aa49-62a418e75fd6",
                      "isHook": false,
                      "skipped": false
                    }
                  ],
                  "suites": [],
                  "passes": [
                    "b2eec3cc-a4f9-4c16-b232-ec401d37455e",
                    "5cf263f6-b332-4531-8887-739cd3677838"
                  ],
                  "failures": [],
                  "pending": [],
                  "skipped": [],
                  "duration": 1,
                  "root": false,
                  "rootEmpty": false,
                  "_timeout": 2000
                },
                {
                  "uuid": "cd70f70f-2c33-451b-98af-a9495d6141cc",
                  "title": "Verify system rejects user list retrieval when authorization token is expired",
                  "fullFile": "D:\\Course Learn\\Digital Skola\\QA\\sesi6\\tests\\homework\\main.test.js",
                  "file": "\\tests\\homework\\main.test.js",
                  "beforeHooks": [],
                  "afterHooks": [],
                  "tests": [
                    {
                      "title": "should validate response against schema",
                      "fullTitle": "Global Setup & Wakeup GET /api/users Verify system rejects user list retrieval when authorization token is expired should validate response against schema",
                      "timedOut": false,
                      "duration": 1,
                      "state": "passed",
                      "speed": "fast",
                      "pass": true,
                      "fail": false,
                      "pending": false,
                      "context": null,
                      "code": "const validate = this.ajv.compile(invalidTokenSchema);\nconst isValid = validate(this.expired.data);\nconst errorMessage = validate.errors ? JSON.stringify(validate.errors, null, 2) : null;\nexpect(isValid, errorMessage).to.be.true;",
                      "err": {},
                      "uuid": "650a4e99-cf1b-421e-bee5-ba617f11075c",
                      "parentUUID": "cd70f70f-2c33-451b-98af-a9495d6141cc",
                      "isHook": false,
                      "skipped": false
                    },
                    {
                      "title": "should return valid body response",
                      "fullTitle": "Global Setup & Wakeup GET /api/users Verify system rejects user list retrieval when authorization token is expired should return valid body response",
                      "timedOut": false,
                      "duration": 0,
                      "state": "passed",
                      "speed": "fast",
                      "pass": true,
                      "fail": false,
                      "pending": false,
                      "context": null,
                      "code": "assert.strictEqual(this.expired.status, 403);\nassert.strictEqual(this.expired.data.message, \"Invalid or expired token, please login!\");",
                      "err": {},
                      "uuid": "a65a4759-7869-4342-87a0-383db5e2e2d1",
                      "parentUUID": "cd70f70f-2c33-451b-98af-a9495d6141cc",
                      "isHook": false,
                      "skipped": false
                    }
                  ],
                  "suites": [],
                  "passes": [
                    "650a4e99-cf1b-421e-bee5-ba617f11075c",
                    "a65a4759-7869-4342-87a0-383db5e2e2d1"
                  ],
                  "failures": [],
                  "pending": [],
                  "skipped": [],
                  "duration": 1,
                  "root": false,
                  "rootEmpty": false,
                  "_timeout": 2000
                }
              ],
              "passes": [],
              "failures": [],
              "pending": [],
              "skipped": [],
              "duration": 0,
              "root": false,
              "rootEmpty": false,
              "_timeout": 2000
            },
            {
              "uuid": "9a85de28-6d38-4466-93c2-b0d7a80c0d38",
              "title": "POST /api/add-user",
              "fullFile": "D:\\Course Learn\\Digital Skola\\QA\\sesi6\\tests\\homework\\main.test.js",
              "file": "\\tests\\homework\\main.test.js",
              "beforeHooks": [
                {
                  "title": "\"before all\" hook in \"POST /api/add-user\"",
                  "fullTitle": "Global Setup & Wakeup POST /api/add-user \"before all\" hook in \"POST /api/add-user\"",
                  "timedOut": false,
                  "duration": 652,
                  "state": null,
                  "speed": null,
                  "pass": false,
                  "fail": false,
                  "pending": false,
                  "context": null,
                  "code": "const loginResponse = await this.api.login(loginData.validBody);\nthis.userToken = loginResponse.data.token;\nconst [getUserResponse, getInvalidResponse, getLessThanResponse, getMoreThanResponse] = await Promise.all([\n    this.api.addUser(usersData.addData.valid[0], this.userToken),\n    this.api.addUser(usersData.addData.invalid[0], this.userToken),\n    this.api.addUser(usersData.addData.withLengthMoreThen255[0], this.userToken),\n    this.api.addUser(usersData.addData.withLengthMoreThen256[0], this.userToken),\n]);\nthis.response = getUserResponse;\nthis.invalidResponse = getInvalidResponse;\nthis.lessThanResponse = getLessThanResponse;\nthis.moreThanResponse = getMoreThanResponse;",
                  "err": {},
                  "uuid": "d2b48f64-7234-4f6c-91c7-9a0bc5d7dce7",
                  "parentUUID": "9a85de28-6d38-4466-93c2-b0d7a80c0d38",
                  "isHook": true,
                  "skipped": false
                }
              ],
              "afterHooks": [],
              "tests": [],
              "suites": [
                {
                  "uuid": "a0fbdec7-6773-4a63-b750-c7fef9755f0a",
                  "title": "Verify system successfully creates a user and returns complete user data when valid payload is provided",
                  "fullFile": "D:\\Course Learn\\Digital Skola\\QA\\sesi6\\tests\\homework\\main.test.js",
                  "file": "\\tests\\homework\\main.test.js",
                  "beforeHooks": [],
                  "afterHooks": [],
                  "tests": [
                    {
                      "title": "should validate response against schema",
                      "fullTitle": "Global Setup & Wakeup POST /api/add-user Verify system successfully creates a user and returns complete user data when valid payload is provided should validate response against schema",
                      "timedOut": false,
                      "duration": 2,
                      "state": "passed",
                      "speed": "fast",
                      "pass": true,
                      "fail": false,
                      "pending": false,
                      "context": null,
                      "code": "const validate = this.ajv.compile(addUserSchema);\nconst isValid = validate(this.response.data);\nconst errorMessage = validate.errors ? JSON.stringify(validate.errors, null, 2) : null;\nexpect(isValid, errorMessage).to.be.true;",
                      "err": {},
                      "uuid": "4f689321-203b-4a18-bb18-004aefd03d6f",
                      "parentUUID": "a0fbdec7-6773-4a63-b750-c7fef9755f0a",
                      "isHook": false,
                      "skipped": false
                    },
                    {
                      "title": "should return valid body response",
                      "fullTitle": "Global Setup & Wakeup POST /api/add-user Verify system successfully creates a user and returns complete user data when valid payload is provided should return valid body response",
                      "timedOut": false,
                      "duration": 0,
                      "state": "passed",
                      "speed": "fast",
                      "pass": true,
                      "fail": false,
                      "pending": false,
                      "context": null,
                      "code": "assert.strictEqual(this.response.status, 201);\nassert.strictEqual(this.response.data.message, `User successfully added, Hi ${this.response.data.username}!`);\nconst validData = usersData.addData.valid[0];\nassert.strictEqual(this.response.data.username, validData.username);\nassert.strictEqual(this.response.data.age, validData.age);",
                      "err": {},
                      "uuid": "cb3aeca0-17fc-478a-bf39-9c9ea977ac3e",
                      "parentUUID": "a0fbdec7-6773-4a63-b750-c7fef9755f0a",
                      "isHook": false,
                      "skipped": false
                    }
                  ],
                  "suites": [],
                  "passes": [
                    "4f689321-203b-4a18-bb18-004aefd03d6f",
                    "cb3aeca0-17fc-478a-bf39-9c9ea977ac3e"
                  ],
                  "failures": [],
                  "pending": [],
                  "skipped": [],
                  "duration": 2,
                  "root": false,
                  "rootEmpty": false,
                  "_timeout": 2000
                },
                {
                  "uuid": "149293d1-820f-4d5e-b7be-8fe83e2e2baf",
                  "title": "Verify system rejects user creation when 'age' field is sent as text instead of a number",
                  "fullFile": "D:\\Course Learn\\Digital Skola\\QA\\sesi6\\tests\\homework\\main.test.js",
                  "file": "\\tests\\homework\\main.test.js",
                  "beforeHooks": [],
                  "afterHooks": [],
                  "tests": [
                    {
                      "title": "should return valid body response",
                      "fullTitle": "Global Setup & Wakeup POST /api/add-user Verify system rejects user creation when 'age' field is sent as text instead of a number should return valid body response",
                      "timedOut": false,
                      "duration": 0,
                      "state": "passed",
                      "speed": "fast",
                      "pass": true,
                      "fail": false,
                      "pending": false,
                      "context": null,
                      "code": "assert.strictEqual(this.invalidResponse.status, 400);\nassert.strictEqual(this.invalidResponse.data.message, \"Age must be numeric, not text!\");",
                      "err": {},
                      "uuid": "a5b63034-bca7-40f1-983f-3b01d745aa39",
                      "parentUUID": "149293d1-820f-4d5e-b7be-8fe83e2e2baf",
                      "isHook": false,
                      "skipped": false
                    }
                  ],
                  "suites": [],
                  "passes": [
                    "a5b63034-bca7-40f1-983f-3b01d745aa39"
                  ],
                  "failures": [],
                  "pending": [],
                  "skipped": [],
                  "duration": 0,
                  "root": false,
                  "rootEmpty": false,
                  "_timeout": 2000
                },
                {
                  "uuid": "7c85146b-adb8-44a2-afc5-c11f0dc92159",
                  "title": "Backlogged Test Cases",
                  "fullFile": "D:\\Course Learn\\Digital Skola\\QA\\sesi6\\tests\\homework\\main.test.js",
                  "file": "\\tests\\homework\\main.test.js",
                  "beforeHooks": [],
                  "afterHooks": [],
                  "tests": [],
                  "suites": [
                    {
                      "uuid": "f861fc46-c8a9-4a3c-b4e6-3f1b28ef2846",
                      "title": "Verify system rejects user creation when using an already existing username",
                      "fullFile": "D:\\Course Learn\\Digital Skola\\QA\\sesi6\\tests\\homework\\main.test.js",
                      "file": "\\tests\\homework\\main.test.js",
                      "beforeHooks": [],
                      "afterHooks": [],
                      "tests": [
                        {
                          "title": "should return valid body response",
                          "fullTitle": "Global Setup & Wakeup POST /api/add-user Backlogged Test Cases Verify system rejects user creation when using an already existing username should return valid body response",
                          "timedOut": false,
                          "duration": 0,
                          "state": "pending",
                          "speed": null,
                          "pass": false,
                          "fail": false,
                          "pending": true,
                          "context": null,
                          "code": "",
                          "err": {},
                          "uuid": "e7a75328-676b-40dc-96a7-fa53e22541b1",
                          "parentUUID": "f861fc46-c8a9-4a3c-b4e6-3f1b28ef2846",
                          "isHook": false,
                          "skipped": false
                        }
                      ],
                      "suites": [],
                      "passes": [],
                      "failures": [],
                      "pending": [
                        "e7a75328-676b-40dc-96a7-fa53e22541b1"
                      ],
                      "skipped": [],
                      "duration": 0,
                      "root": false,
                      "rootEmpty": false,
                      "_timeout": 2000
                    },
                    {
                      "uuid": "f002948a-a6f2-453b-898a-4d7a122c4a16",
                      "title": "Verify system accepts user creation when username is exactly the maximum allowed length (255 characters)",
                      "fullFile": "D:\\Course Learn\\Digital Skola\\QA\\sesi6\\tests\\homework\\main.test.js",
                      "file": "\\tests\\homework\\main.test.js",
                      "beforeHooks": [],
                      "afterHooks": [],
                      "tests": [
                        {
                          "title": "should return valid body response",
                          "fullTitle": "Global Setup & Wakeup POST /api/add-user Backlogged Test Cases Verify system accepts user creation when username is exactly the maximum allowed length (255 characters) should return valid body response",
                          "timedOut": false,
                          "duration": 0,
                          "state": "pending",
                          "speed": null,
                          "pass": false,
                          "fail": false,
                          "pending": true,
                          "context": null,
                          "code": "",
                          "err": {},
                          "uuid": "a11a9f7d-5add-4e50-939d-a3d39d44a076",
                          "parentUUID": "f002948a-a6f2-453b-898a-4d7a122c4a16",
                          "isHook": false,
                          "skipped": false
                        }
                      ],
                      "suites": [],
                      "passes": [],
                      "failures": [],
                      "pending": [
                        "a11a9f7d-5add-4e50-939d-a3d39d44a076"
                      ],
                      "skipped": [],
                      "duration": 0,
                      "root": false,
                      "rootEmpty": false,
                      "_timeout": 2000
                    },
                    {
                      "uuid": "5d681f7c-0cb0-4ac7-8389-bd7585ec17d1",
                      "title": "Verify system rejects user creation when username exceeds the maximum allowed length (256 characters)",
                      "fullFile": "D:\\Course Learn\\Digital Skola\\QA\\sesi6\\tests\\homework\\main.test.js",
                      "file": "\\tests\\homework\\main.test.js",
                      "beforeHooks": [],
                      "afterHooks": [],
                      "tests": [
                        {
                          "title": "should return valid body response",
                          "fullTitle": "Global Setup & Wakeup POST /api/add-user Backlogged Test Cases Verify system rejects user creation when username exceeds the maximum allowed length (256 characters) should return valid body response",
                          "timedOut": false,
                          "duration": 0,
                          "state": "pending",
                          "speed": null,
                          "pass": false,
                          "fail": false,
                          "pending": true,
                          "context": null,
                          "code": "",
                          "err": {},
                          "uuid": "5eda8a31-6014-4519-b4fa-955dfa985754",
                          "parentUUID": "5d681f7c-0cb0-4ac7-8389-bd7585ec17d1",
                          "isHook": false,
                          "skipped": false
                        }
                      ],
                      "suites": [],
                      "passes": [],
                      "failures": [],
                      "pending": [
                        "5eda8a31-6014-4519-b4fa-955dfa985754"
                      ],
                      "skipped": [],
                      "duration": 0,
                      "root": false,
                      "rootEmpty": false,
                      "_timeout": 2000
                    }
                  ],
                  "passes": [],
                  "failures": [],
                  "pending": [],
                  "skipped": [],
                  "duration": 0,
                  "root": false,
                  "rootEmpty": false,
                  "_timeout": 2000
                }
              ],
              "passes": [],
              "failures": [],
              "pending": [],
              "skipped": [],
              "duration": 0,
              "root": false,
              "rootEmpty": false,
              "_timeout": 2000
            }
          ],
          "passes": [],
          "failures": [],
          "pending": [],
          "skipped": [],
          "duration": 0,
          "root": false,
          "rootEmpty": false,
          "_timeout": 30000
        }
      ],
      "passes": [],
      "failures": [],
      "pending": [],
      "skipped": [],
      "duration": 0,
      "root": true,
      "rootEmpty": true,
      "_timeout": 2000
    }
  ],
  "meta": {
    "mocha": {
      "version": "11.8.0"
    },
    "mochawesome": {
      "options": {
        "quiet": false,
        "reportFilename": "mochawesome",
        "saveHtml": true,
        "saveJson": true,
        "consoleReporter": "spec",
        "useInlineDiffs": false,
        "code": true
      },
      "version": "8.0.1"
    },
    "marge": {
      "options": null,
      "version": "6.3.2"
    }
  }
}